<?xml version="1.0" encoding="UTF-8"?>
<!-- Generated by org.testng.reporters.JUnitReportReporter -->
<testsuite skipped="0" hostname="LAPTOP-Q8UQAUDS" name="multibrowsertesting.Sample2" tests="3" failures="0" timestamp="2022-06-30T10:07:35 IST" time="34.193" errors="0">
  <testcase name="TC01" time="10.041" classname="multibrowsertesting.Sample2"/>
  <system-out>
working as expected  </system-out>
  <testcase name="TC01" time="10.539" classname="multibrowsertesting.Sample2"/>
  <system-out>
working as expected  </system-out>
  <testcase name="TC01" time="13.613" classname="multibrowsertesting.Sample2"/>
  <system-out>
working as expected  </system-out>
</testsuite> <!-- multibrowsertesting.Sample2 -->
