<?xml version="1.0" encoding="UTF-8"?>
<!-- Generated by org.testng.reporters.JUnitReportReporter -->
<testsuite skipped="0" hostname="LAPTOP-Q8UQAUDS" name="testNG.Sample6" tests="2" failures="0" timestamp="2022-06-30T09:38:28 IST" time="33.944" errors="0">
  <testcase name="test" time="15.800" classname="testNG.Sample6"/>
  <system-out/>
  <testcase name="test" time="18.144" classname="testNG.Sample6"/>
  <system-out/>
</testsuite> <!-- testNG.Sample6 -->
