<?xml version="1.0" encoding="UTF-8"?>
<!-- Generated by org.testng.reporters.JUnitReportReporter -->
<testsuite skipped="0" hostname="LAPTOP-Q8UQAUDS" name="pom_testNG.Property_file" tests="1" failures="0" timestamp="2022-07-01T15:08:03 IST" time="6.028" errors="0">
  <testcase name="test" time="6.028" classname="pom_testNG.Property_file"/>
  <system-out>
https://kite.zerodha.com/  </system-out>
</testsuite> <!-- pom_testNG.Property_file -->
