<?xml version="1.0" encoding="UTF-8"?>
<!-- Generated by org.testng.reporters.JUnitReportReporter -->
<testsuite skipped="0" hostname="LAPTOP-Q8UQAUDS" name="testNG.Sample4" tests="6" failures="0" timestamp="2022-06-21T08:42:26 IST" time="0.037" errors="0">
  <testcase name="m4" time="0.003" classname="testNG.Sample4"/>
  <system-out>
Method m4 is pass  </system-out>
  <testcase name="m6" time="0.005" classname="testNG.Sample4"/>
  <system-out>
Method m6 is pass  </system-out>
  <testcase name="m3" time="0.004" classname="testNG.Sample4"/>
  <system-out>
Method m3 is pass  </system-out>
  <testcase name="m2" time="0.002" classname="testNG.Sample4"/>
  <system-out>
Method m2 is pass  </system-out>
  <testcase name="m1" time="0.020" classname="testNG.Sample4"/>
  <system-out>
Method m1 is pass  </system-out>
  <testcase name="m5" time="0.003" classname="testNG.Sample4"/>
  <system-out>
Method m5 is pass  </system-out>
</testsuite> <!-- testNG.Sample4 -->
