<?xml version="1.0" encoding="UTF-8"?>
<!-- Generated by org.testng.reporters.JUnitReportReporter -->
<testsuite skipped="0" hostname="LAPTOP-Q8UQAUDS" name="multibrowsertesting.Sample1" tests="2" failures="0" timestamp="2022-06-30T10:02:31 IST" time="23.797" errors="0">
  <testcase name="TC01" time="10.081" classname="multibrowsertesting.Sample1"/>
  <system-out>
working as expected  </system-out>
  <testcase name="TC01" time="13.716" classname="multibrowsertesting.Sample1"/>
  <system-out>
working as expected  </system-out>
</testsuite> <!-- multibrowsertesting.Sample1 -->
