<?xml version="1.0" encoding="UTF-8"?>
<!-- Generated by org.testng.reporters.JUnitReportReporter -->
<testsuite skipped="0" hostname="LAPTOP-Q8UQAUDS" name="parallel_test.Flipkart" tests="1" failures="0" timestamp="2022-06-29T09:59:52 IST" time="29.734" errors="0">
  <testcase name="TC02" time="29.734" classname="parallel_test.Flipkart"/>
  <system-out>
Online Shopping Site for Mobiles, Electronics, Furniture, Grocery, Lifestyle, Books & More. Best Offers!  </system-out>
</testsuite> <!-- parallel_test.Flipkart -->
