<?xml version="1.0" encoding="UTF-8"?>
<!-- Generated by org.testng.reporters.JUnitReportReporter -->
<testsuite skipped="0" hostname="LAPTOP-Q8UQAUDS" name="testNG.Sample1" tests="1" failures="0" timestamp="2022-06-20T08:35:27 IST" time="11.429" errors="0">
  <testcase name="m1" time="11.429" classname="testNG.Sample1"/>
  <system-out/>
</testsuite> <!-- testNG.Sample1 -->
