<?xml version="1.0" encoding="UTF-8"?>
<!-- Generated by org.testng.reporters.JUnitReportReporter -->
<testsuite skipped="0" hostname="LAPTOP-Q8UQAUDS" name="testNG2.Sample4" tests="2" failures="0" timestamp="2022-06-28T08:52:20 IST" time="0.027" errors="0">
  <testcase name="test7" time="0.022" classname="testNG2.Sample4"/>
  <system-out>
Test 7 is running  </system-out>
  <testcase name="test8" time="0.005" classname="testNG2.Sample4"/>
  <system-out>
Test 8 is running  </system-out>
</testsuite> <!-- testNG2.Sample4 -->
