<?xml version="1.0" encoding="UTF-8"?>
<!-- Generated by org.testng.reporters.JUnitReportReporter -->
<testsuite skipped="0" hostname="LAPTOP-Q8UQAUDS" name="parallel_test.Facebook" tests="1" failures="0" timestamp="2022-06-29T09:59:52 IST" time="14.018" errors="0">
  <testcase name="TC01" time="14.018" classname="parallel_test.Facebook"/>
  <system-out>
Facebook â€“ log in or sign up  </system-out>
</testsuite> <!-- parallel_test.Facebook -->
