<?xml version="1.0" encoding="UTF-8"?>
<!-- Generated by org.testng.reporters.JUnitReportReporter -->
<testsuite skipped="0" hostname="LAPTOP-Q8UQAUDS" name="testNG2.Sample5" tests="1" failures="0" timestamp="2022-06-28T08:52:20 IST" time="0.002" errors="0">
  <testcase name="TC03" time="0.002" classname="testNG2.Sample5"/>
  <system-out>
TC03 is running  </system-out>
</testsuite> <!-- testNG2.Sample5 -->
