<?xml version="1.0" encoding="UTF-8"?>
<!-- Generated by org.testng.reporters.JUnitReportReporter -->
<testsuite skipped="0" hostname="LAPTOP-Q8UQAUDS" name="pom_testNG.TestClass" tests="1" failures="0" timestamp="2022-07-01T15:16:34 IST" time="3.748" errors="0">
  <testcase name="verify_test" time="3.748" classname="pom_testNG.TestClass"/>
  <system-out/>
</testsuite> <!-- pom_testNG.TestClass -->
