<?xml version="1.0" encoding="UTF-8"?>
<!-- Generated by org.testng.reporters.JUnitReportReporter -->
<testsuite skipped="0" hostname="LAPTOP-Q8UQAUDS" name="parallel_test.Amazon" tests="1" failures="0" timestamp="2022-06-29T09:59:52 IST" time="20.346" errors="0">
  <testcase name="TC01" time="20.346" classname="parallel_test.Amazon"/>
  <system-out>
Online Shopping site in India: Shop Online for Mobiles, Books, Watches, Shoes and More - Amazon.in  </system-out>
</testsuite> <!-- parallel_test.Amazon -->
