<?xml version="1.0" encoding="UTF-8"?>
<!-- Generated by org.testng.reporters.JUnitReportReporter -->
<testsuite skipped="0" hostname="LAPTOP-Q8UQAUDS" name="testNG.Sample5" tests="1" failures="0" timestamp="2022-06-22T08:26:43 IST" time="0.015" errors="0">
  <testcase name="VerifyPN" time="0.015" classname="testNG.Sample5"/>
  <system-out>
--------Verify UN-----  </system-out>
</testsuite> <!-- testNG.Sample5 -->
