<?xml version="1.0" encoding="UTF-8"?>
<!-- Generated by org.testng.reporters.JUnitReportReporter -->
<testsuite skipped="0" hostname="LAPTOP-Q8UQAUDS" name="testNG.Sample3" tests="1" failures="0" timestamp="2022-06-21T08:32:24 IST" time="11.926" errors="0">
  <testcase name="verifybtn" time="11.926" classname="testNG.Sample3"/>
  <system-out>
result of test case =>true  </system-out>
</testsuite> <!-- testNG.Sample3 -->
