<?xml version="1.0" encoding="UTF-8"?>
<!-- Generated by org.testng.reporters.JUnitReportReporter -->
<testsuite skipped="0" hostname="LAPTOP-Q8UQAUDS" name="parallel_test.Google" tests="1" failures="0" timestamp="2022-06-29T09:59:52 IST" time="15.294" errors="0">
  <testcase name="TC03" time="15.294" classname="parallel_test.Google"/>
  <system-out>
Google  </system-out>
</testsuite> <!-- parallel_test.Google -->
