<?xml version="1.0" encoding="UTF-8"?>
<!-- Generated by org.testng.reporters.JUnitReportReporter -->
<testsuite skipped="0" hostname="LAPTOP-Q8UQAUDS" name="testNG2.Sample1" tests="1" failures="0" timestamp="2022-06-27T08:40:37 IST" time="0.041" errors="0">
  <testcase name="test2" time="0.041" classname="testNG2.Sample1"/>
  <system-out>
Test 2 is running  </system-out>
</testsuite> <!-- testNG2.Sample1 -->
