<?xml version="1.0" encoding="UTF-8"?>
<!-- Generated by org.testng.reporters.JUnitReportReporter -->
<testsuite skipped="0" hostname="LAPTOP-Q8UQAUDS" name="testNG2.Sample3" tests="3" failures="0" timestamp="2022-06-27T09:12:26 IST" time="0.030" errors="0">
  <testcase name="test3" time="0.002" classname="testNG2.Sample3"/>
  <system-out>
Test 3 is runing  </system-out>
  <testcase name="test1" time="0.026" classname="testNG2.Sample3"/>
  <system-out>
Test 1 is runing  </system-out>
  <testcase name="test5" time="0.002" classname="testNG2.Sample3"/>
  <system-out>
Test 5 is runing  </system-out>
</testsuite> <!-- testNG2.Sample3 -->
